Aventador.obj : error LNK2019: unresolved external symbol "public: static void __cdecl physx::PxRigidBodyExt::addForceAtPos(class physx::PxRigidBody &,class physx::PxVec3 const &,class physx::PxVec3 const &,enum physx::PxForceMode::Enum,bool)" (?addForceAtPos@PxRigidBodyExt@physx@@SAXAEAVPxRigidBody@2@AEBVPxVec3@2@1W4Enum@PxForceMode@2@_N@Z) referenced in function "private: void __cdecl Aventador::updateFriction(void)" (?updateFriction@Aventador@@AEAAXXZ)
Aventador.obj : error LNK2019: unresolved external symbol "public: static void __cdecl physx::PxRigidBodyExt::addForceAtLocalPos(class physx::PxRigidBody &,class physx::PxVec3 const &,class physx::PxVec3 const &,enum physx::PxForceMode::Enum,bool)" (?addForceAtLocalPos@PxRigidBodyExt@physx@@SAXAEAVPxRigidBody@2@AEBVPxVec3@2@1W4Enum@PxForceMode@2@_N@Z) referenced in function "private: void __cdecl Aventador::updateSuspension(void)" (?updateSuspension@Aventador@@AEAAXXZ)
Aventador.obj : error LNK2019: unresolved external symbol "public: static void __cdecl physx::PxRigidBodyExt::addLocalForceAtLocalPos(class physx::PxRigidBody &,class physx::PxVec3 const &,class physx::PxVec3 const &,enum physx::PxForceMode::Enum,bool)" (?addLocalForceAtLocalPos@PxRigidBodyExt@physx@@SAXAEAVPxRigidBody@2@AEBVPxVec3@2@1W4Enum@PxForceMode@2@_N@Z) referenced in function "public: void __cdecl Aventador::setDragForce(void)" (?setDragForce@Aventador@@QEAAXXZ)
Game.obj : error LNK2001: unresolved external symbol "public: static void __cdecl physx::PxRigidBodyExt::addLocalForceAtLocalPos(class physx::PxRigidBody &,class physx::PxVec3 const &,class physx::PxVec3 const &,enum physx::PxForceMode::Enum,bool)" (?addLocalForceAtLocalPos@PxRigidBodyExt@physx@@SAXAEAVPxRigidBody@2@AEBVPxVec3@2@1W4Enum@PxForceMode@2@_N@Z)
Aventador.obj : error LNK2019: unresolved external symbol "public: static class physx::PxVec3 __cdecl physx::PxRigidBodyExt::getVelocityAtPos(class physx::PxRigidBody const &,class physx::PxVec3 const &)" (?getVelocityAtPos@PxRigidBodyExt@physx@@SA?AVPxVec3@2@AEBVPxRigidBody@2@AEBV32@@Z) referenced in function "private: void __cdecl Aventador::updateFriction(void)" (?updateFriction@Aventador@@AEAAXXZ)
Aventador.obj : error LNK2019: unresolved external symbol "public: static class physx::PxVec3 __cdecl physx::PxRigidBodyExt::getLocalVelocityAtLocalPos(class physx::PxRigidBody const &,class physx::PxVec3 const &)" (?getLocalVelocityAtLocalPos@PxRigidBodyExt@physx@@SA?AVPxVec3@2@AEBVPxRigidBody@2@AEBV32@@Z) referenced in function "private: void __cdecl Aventador::updateSuspension(void)" (?updateSuspension@Aventador@@AEAAXXZ)
Game.obj : error LNK2019: unresolved external symbol glfwPollEvents referenced in function "void __cdecl Game::update(void)" (?update@Game@@YAXXZ)
Game.obj : error LNK2019: unresolved external symbol glfwGetTime referenced in function "void __cdecl Time::init(void)" (?init@Time@@YAXXZ)
Gamepad.obj : error LNK2019: unresolved external symbol glfwJoystickPresent referenced in function "public: void __cdecl Gamepad::glfwJoystick(void)" (?glfwJoystick@Gamepad@@QEAAXXZ)
Gamepad.obj : error LNK2019: unresolved external symbol glfwGetJoystickAxes referenced in function "public: void __cdecl Gamepad::glfwJoystick(void)" (?glfwJoystick@Gamepad@@QEAAXXZ)
Gamepad.obj : error LNK2019: unresolved external symbol glfwGetJoystickButtons referenced in function "public: void __cdecl Gamepad::glfwJoystick(void)" (?glfwJoystick@Gamepad@@QEAAXXZ)
Gamepad.obj : error LNK2019: unresolved external symbol glfwGetJoystickName referenced in function "public: void __cdecl Gamepad::glfwJoystick(void)" (?glfwJoystick@Gamepad@@QEAAXXZ)
Graphics.obj : error LNK2019: unresolved external symbol glfwInit referenced in function "int __cdecl Graphics::init(void)" (?init@Graphics@@YAHXZ)
Graphics.obj : error LNK2019: unresolved external symbol glfwTerminate referenced in function "void __cdecl Graphics::destroy(void)" (?destroy@Graphics@@YAXXZ)
Graphics.obj : error LNK2019: unresolved external symbol glfwSetErrorCallback referenced in function "int __cdecl Graphics::init(void)" (?init@Graphics@@YAHXZ)
Graphics.obj : error LNK2019: unresolved external symbol glfwWindowHint referenced in function "int __cdecl Graphics::init(void)" (?init@Graphics@@YAHXZ)
Graphics.obj : error LNK2019: unresolved external symbol glfwCreateWindow referenced in function "int __cdecl Graphics::init(void)" (?init@Graphics@@YAHXZ)
Graphics.obj : error LNK2019: unresolved external symbol glfwDestroyWindow referenced in function "void __cdecl Graphics::destroy(void)" (?destroy@Graphics@@YAXXZ)
Graphics.obj : error LNK2019: unresolved external symbol glfwWindowShouldClose referenced in function "int __cdecl Graphics::shouldClose(void)" (?shouldClose@Graphics@@YAHXZ)
Graphics.obj : error LNK2019: unresolved external symbol glfwSetWindowShouldClose referenced in function "void __cdecl Graphics::KeyCallback(struct GLFWwindow *,int,int,int,int)" (?KeyCallback@Graphics@@YAXPEAUGLFWwindow@@HHHH@Z)
Graphics.obj : error LNK2019: unresolved external symbol glfwSetKeyCallback referenced in function "int __cdecl Graphics::init(void)" (?init@Graphics@@YAHXZ)
Graphics.obj : error LNK2019: unresolved external symbol glfwMakeContextCurrent referenced in function "int __cdecl Graphics::init(void)" (?init@Graphics@@YAHXZ)
Graphics.obj : error LNK2019: unresolved external symbol glfwSwapBuffers referenced in function "void __cdecl Graphics::update(void)" (?update@Graphics@@YAXXZ)
Graphics.obj : error LNK2019: unresolved external symbol glfwSwapInterval referenced in function "void __cdecl Graphics::update(void)" (?update@Graphics@@YAXXZ)
PhysicsManager.obj : error LNK2019: unresolved external symbol __imp_PxCreateFoundation referenced in function "void __cdecl PhysicsManager::init(void)" (?init@PhysicsManager@@YAXXZ)
PhysicsManager.obj : error LNK2019: unresolved external symbol __imp_PxRegisterArticulations referenced in function "class physx::PxPhysics * __cdecl PxCreatePhysics(unsigned int,class physx::PxFoundation &,class physx::PxTolerancesScale const &,bool,class physx::PxProfileZoneManager *)" (?PxCreatePhysics@@YAPEAVPxPhysics@physx@@IAEAVPxFoundation@2@AEBVPxTolerancesScale@2@_NPEAVPxProfileZoneManager@2@@Z)
PhysicsManager.obj : error LNK2019: unresolved external symbol __imp_PxRegisterHeightFields referenced in function "class physx::PxPhysics * __cdecl PxCreatePhysics(unsigned int,class physx::PxFoundation &,class physx::PxTolerancesScale const &,bool,class physx::PxProfileZoneManager *)" (?PxCreatePhysics@@YAPEAVPxPhysics@physx@@IAEAVPxFoundation@2@AEBVPxTolerancesScale@2@_NPEAVPxProfileZoneManager@2@@Z)
PhysicsManager.obj : error LNK2019: unresolved external symbol __imp_PxRegisterCloth referenced in function "class physx::PxPhysics * __cdecl PxCreatePhysics(unsigned int,class physx::PxFoundation &,class physx::PxTolerancesScale const &,bool,class physx::PxProfileZoneManager *)" (?PxCreatePhysics@@YAPEAVPxPhysics@physx@@IAEAVPxFoundation@2@AEBVPxTolerancesScale@2@_NPEAVPxProfileZoneManager@2@@Z)
PhysicsManager.obj : error LNK2019: unresolved external symbol __imp_PxRegisterParticles referenced in function "class physx::PxPhysics * __cdecl PxCreatePhysics(unsigned int,class physx::PxFoundation &,class physx::PxTolerancesScale const &,bool,class physx::PxProfileZoneManager *)" (?PxCreatePhysics@@YAPEAVPxPhysics@physx@@IAEAVPxFoundation@2@AEBVPxTolerancesScale@2@_NPEAVPxProfileZoneManager@2@@Z)
PhysicsManager.obj : error LNK2019: unresolved external symbol __imp_PxCreateBasePhysics referenced in function "class physx::PxPhysics * __cdecl PxCreatePhysics(unsigned int,class physx::PxFoundation &,class physx::PxTolerancesScale const &,bool,class physx::PxProfileZoneManager *)" (?PxCreatePhysics@@YAPEAVPxPhysics@physx@@IAEAVPxFoundation@2@AEBVPxTolerancesScale@2@_NPEAVPxProfileZoneManager@2@@Z)
PhysicsManager.obj : error LNK2019: unresolved external symbol __imp_PxGetPhysics referenced in function "void __cdecl PhysicsManager::attachSimulationShape(class physx::PxRigidDynamic *,class physx::PxVec3 const &,float)" (?attachSimulationShape@PhysicsManager@@YAXPEAVPxRigidDynamic@physx@@AEBVPxVec3@3@M@Z)
PhysicsManager.obj : error LNK2019: unresolved external symbol "public: __cdecl physx::PxDefaultErrorCallback::PxDefaultErrorCallback(void)" (??0PxDefaultErrorCallback@physx@@QEAA@XZ) referenced in function "void __cdecl PhysicsManager::init(void)" (?init@PhysicsManager@@YAXXZ)
PhysicsManager.obj : error LNK2019: unresolved external symbol "public: virtual __cdecl physx::PxDefaultErrorCallback::~PxDefaultErrorCallback(void)" (??1PxDefaultErrorCallback@physx@@UEAA@XZ) referenced in function "void __cdecl `void __cdecl PhysicsManager::init(void)'::`2'::`dynamic atexit destructor for 'gDefaultErrorCallback''(void)" (??__FgDefaultErrorCallback@?1??init@PhysicsManager@@YAXXZ@YAXXZ)
PhysicsManager.obj : error LNK2019: unresolved external symbol "class physx::PxDefaultCpuDispatcher * __cdecl physx::PxDefaultCpuDispatcherCreate(unsigned int,unsigned int *)" (?PxDefaultCpuDispatcherCreate@physx@@YAPEAVPxDefaultCpuDispatcher@1@IPEAI@Z) referenced in function "void __cdecl PhysicsManager::init(void)" (?init@PhysicsManager@@YAXXZ)
PhysicsManager.obj : error LNK2019: unresolved external symbol "class physx::PxRigidDynamic * __cdecl physx::PxCreateDynamic(class physx::PxPhysics &,class physx::PxTransform const &,class physx::PxGeometry const &,class physx::PxMaterial &,float,class physx::PxTransform const &)" (?PxCreateDynamic@physx@@YAPEAVPxRigidDynamic@1@AEAVPxPhysics@1@AEBVPxTransform@1@AEBVPxGeometry@1@AEAVPxMaterial@1@M1@Z) referenced in function "class physx::PxRigidDynamic * __cdecl PhysicsManager::createDynamic2(class physx::PxTransform const &,class physx::PxVec3 const &)" (?createDynamic2@PhysicsManager@@YAPEAVPxRigidDynamic@physx@@AEBVPxTransform@3@AEBVPxVec3@3@@Z)
PhysicsManager.obj : error LNK2019: unresolved external symbol "class physx::PxRigidStatic * __cdecl physx::PxCreatePlane(class physx::PxPhysics &,class physx::PxPlane const &,class physx::PxMaterial &)" (?PxCreatePlane@physx@@YAPEAVPxRigidStatic@1@AEAVPxPhysics@1@AEBVPxPlane@1@AEAVPxMaterial@1@@Z) referenced in function "void __cdecl PhysicsManager::init(void)" (?init@PhysicsManager@@YAXXZ)
Sound.obj : error LNK2019: unresolved external symbol __imp_alListener3f referenced in function "void __cdecl Sound::init(void)" (?init@Sound@@YAXXZ)
Sound.obj : error LNK2019: unresolved external symbol __imp_alListenerfv referenced in function "void __cdecl Sound::init(void)" (?init@Sound@@YAXXZ)
Sound.obj : error LNK2019: unresolved external symbol __imp_alGenSources referenced in function "void __cdecl Sound::init(void)" (?init@Sound@@YAXXZ)
Sound.obj : error LNK2019: unresolved external symbol __imp_alSourcef referenced in function "unsigned int __cdecl Sound::setSource(unsigned int)" (?setSource@Sound@@YAII@Z)
Sound.obj : error LNK2019: unresolved external symbol __imp_alSource3f referenced in function "unsigned int __cdecl Sound::setSource(unsigned int)" (?setSource@Sound@@YAII@Z)
Sound.obj : error LNK2019: unresolved external symbol __imp_alSourcei referenced in function "void __cdecl Sound::playSound(unsigned int)" (?playSound@Sound@@YAXI@Z)
Sound.obj : error LNK2019: unresolved external symbol __imp_alGetSourcei referenced in function "void __cdecl Sound::playSound(unsigned int)" (?playSound@Sound@@YAXI@Z)
Sound.obj : error LNK2019: unresolved external symbol __imp_alSourcePlay referenced in function "void __cdecl Sound::playSound(unsigned int)" (?playSound@Sound@@YAXI@Z)
Sound.obj : error LNK2019: unresolved external symbol __imp_alSourceStop referenced in function "void __cdecl Sound::stopSound(unsigned int)" (?stopSound@Sound@@YAXI@Z)
Sound.obj : error LNK2019: unresolved external symbol __imp_alGenBuffers referenced in function "void __cdecl Sound::init(void)" (?init@Sound@@YAXXZ)
Sound.obj : error LNK2019: unresolved external symbol __imp_alBufferData referenced in function "void __cdecl Sound::playSound(unsigned int)" (?playSound@Sound@@YAXI@Z)
Sound.obj : error LNK2019: unresolved external symbol __imp_alDistanceModel referenced in function "void __cdecl Sound::updateSources(void)" (?updateSources@Sound@@YAXXZ)
Sound.obj : error LNK2019: unresolved external symbol __imp_alcCreateContext referenced in function "void __cdecl Sound::init(void)" (?init@Sound@@YAXXZ)
Sound.obj : error LNK2019: unresolved external symbol __imp_alcMakeContextCurrent referenced in function "void __cdecl Sound::destroy(void)" (?destroy@Sound@@YAXXZ)
Sound.obj : error LNK2019: unresolved external symbol __imp_alcOpenDevice referenced in function "void __cdecl Sound::init(void)" (?init@Sound@@YAXXZ)
Sound.obj : error LNK2019: unresolved external symbol __imp_alcIsExtensionPresent referenced in function "void __cdecl Sound::init(void)" (?init@Sound@@YAXXZ)
Sound.obj : error LNK2019: unresolved external symbol __imp_alcGetString referenced in function "void __cdecl Sound::init(void)" (?init@Sound@@YAXXZ)
C:\git\CPSC-585\boilerplate\..\middleware\physxlib\PhysX3DEBUG_x86.lib : warning LNK4272: library machine type 'X86' conflicts with target machine type 'x64'
C:\git\CPSC-585\boilerplate\..\middleware\physxlib\PhysX3CommonDEBUG_x86.lib : warning LNK4272: library machine type 'X86' conflicts with target machine type 'x64'
C:\git\CPSC-585\boilerplate\..\middleware\physxlib\PhysX3ExtensionsDEBUG.lib : warning LNK4272: library machine type 'X86' conflicts with target machine type 'x64'
C:\git\CPSC-585\boilerplate\..\middleware\glfw\lib\glfw3.lib : warning LNK4272: library machine type 'X86' conflicts with target machine type 'x64'
C:\git\CPSC-585\x64\Debug\boilerplate.exe : fatal error LNK1120: 52 unresolved externals
